[34mINFO:   [0m Could not find any NVIDIA binaries on this host!
2019-08-08 23:20:21.499277: I tensorflow/stream_executor/platform/default/dso_loader.cc:53] Could not dlopen library 'libcuda.so.1'; dlerror: libcuda.so.1: cannot open shared object file: No such file or directory; LD_LIBRARY_PATH: /usr/local/singularity/3.2.1/lib:/opt/munge-0.5.11/lib:/opt/slurm-18.08.6-2/lib:/opt/slurm-18.08.6-2/lib/slurm::/.singularity.d/libs
2019-08-08 23:20:21.499368: E tensorflow/stream_executor/cuda/cuda_driver.cc:318] failed call to cuInit: UNKNOWN ERROR (303)
2019-08-08 23:20:21.499411: I tensorflow/stream_executor/cuda/cuda_diagnostics.cc:156] kernel driver does not appear to be running on this host (m3a013): /proc/driver/nvidia/version does not exist
2019-08-08 23:20:21.500774: I tensorflow/core/platform/cpu_feature_guard.cc:142] Your CPU supports instructions that this TensorFlow binary was not compiled to use: AVX2 FMA
2019-08-08 23:20:21.530514: I tensorflow/core/platform/profile_utils/cpu_utils.cc:94] CPU Frequency: 2494210000 Hz
2019-08-08 23:20:21.531537: I tensorflow/compiler/xla/service/service.cc:168] XLA service 0x369b7f0 executing computations on platform Host. Devices:
2019-08-08 23:20:21.531582: I tensorflow/compiler/xla/service/service.cc:175]   StreamExecutor device (0): <undefined>, <undefined>
WARNING: Logging before flag parsing goes to stderr.
W0808 23:20:22.269992 140711739565888 hdf5_format.py:171] No training configuration found in save file: the model was *not* compiled. Compile it manually.
W0808 23:20:45.806553 140711739565888 deprecation.py:323] From /usr/local/lib/python3.6/dist-packages/tensorflow/python/ops/math_grad.py:1250: add_dispatch_support.<locals>.wrapper (from tensorflow.python.ops.array_ops) is deprecated and will be removed in a future version.
Instructions for updating:
Use tf.where in 2.0, which has the same broadcast rule as np.where
2019-08-08 23:20:48.713712: E tensorflow/core/grappler/optimizers/meta_optimizer.cc:502] constant folding failed: Invalid argument: Unsupported type: 21
2019-08-08 23:20:48.944906: E tensorflow/core/grappler/optimizers/meta_optimizer.cc:502] constant folding failed: Invalid argument: Unsupported type: 21
2019-08-08 23:20:49.130678: W tensorflow/compiler/jit/mark_for_compilation_pass.cc:1483] (One-time warning): Not using XLA:CPU for cluster because envvar TF_XLA_FLAGS=--tf_xla_cpu_global_jit was not set.  If you want XLA:CPU, either set that envvar, or use experimental_jit_scope to enable XLA:CPU.  To confirm that XLA is active, pass --vmodule=xla_compilation_cache=1 (as a proper command-line flag, not via TF_XLA_FLAGS) or set the envvar XLA_FLAGS=--xla_hlo_profile.
Starting epoch 0 at Thu Aug  8 23:20:44 2019
Time for epoch 0 is 1872.5243036746979 seconds.
Starting epoch 1 at Thu Aug  8 23:51:57 2019
Time for epoch 1 is 1880.2674987316132 seconds.
Starting epoch 2 at Fri Aug  9 00:23:17 2019
Time for epoch 2 is 1872.7970976829529 seconds.
Starting epoch 3 at Fri Aug  9 00:54:30 2019
Time for epoch 3 is 1870.993662595749 seconds.
Starting epoch 4 at Fri Aug  9 01:25:41 2019
Time for epoch 4 is 1868.9425945281982 seconds.
Starting epoch 5 at Fri Aug  9 01:56:50 2019
Time for epoch 5 is 1868.449993133545 seconds.
Starting epoch 6 at Fri Aug  9 02:27:58 2019
Time for epoch 6 is 1851.8244836330414 seconds.
Starting epoch 7 at Fri Aug  9 02:58:50 2019
Time for epoch 7 is 1858.2811284065247 seconds.
Starting epoch 8 at Fri Aug  9 03:29:48 2019
Time for epoch 8 is 1884.384131193161 seconds.
Starting epoch 9 at Fri Aug  9 04:01:13 2019
Time for epoch 9 is 1924.031349658966 seconds.
Starting epoch 10 at Fri Aug  9 04:33:17 2019
Time for epoch 10 is 1874.0517175197601 seconds.
Starting epoch 11 at Fri Aug  9 05:04:31 2019
Time for epoch 11 is 1903.3548004627228 seconds.
Starting epoch 12 at Fri Aug  9 05:36:14 2019
Time for epoch 12 is 1848.0660605430603 seconds.
Starting epoch 13 at Fri Aug  9 06:07:02 2019
Time for epoch 13 is 1811.13813829422 seconds.
Starting epoch 14 at Fri Aug  9 06:37:13 2019
Time for epoch 14 is 1759.7562146186829 seconds.
Starting epoch 15 at Fri Aug  9 07:06:33 2019
Time for epoch 15 is 1781.454540014267 seconds.
Starting epoch 16 at Fri Aug  9 07:36:15 2019
Time for epoch 16 is 1794.231374502182 seconds.
Starting epoch 17 at Fri Aug  9 08:06:09 2019
Time for epoch 17 is 1792.605877161026 seconds.
Starting epoch 18 at Fri Aug  9 08:36:01 2019
Time for epoch 18 is 1791.8227558135986 seconds.
Starting epoch 19 at Fri Aug  9 09:05:53 2019
Time for epoch 19 is 1807.6733973026276 seconds.
Starting epoch 20 at Fri Aug  9 09:36:01 2019
Time for epoch 20 is 1779.8793449401855 seconds.
Starting epoch 21 at Fri Aug  9 10:05:41 2019
Time for epoch 21 is 1775.9786949157715 seconds.
Starting epoch 22 at Fri Aug  9 10:35:17 2019
Time for epoch 22 is 1772.6369795799255 seconds.
Starting epoch 23 at Fri Aug  9 11:04:49 2019
Time for epoch 23 is 1777.69757604599 seconds.
Starting epoch 24 at Fri Aug  9 11:34:27 2019
Time for epoch 24 is 1782.2475085258484 seconds.
Starting epoch 25 at Fri Aug  9 12:04:09 2019
Time for epoch 25 is 1788.2474148273468 seconds.
Starting epoch 26 at Fri Aug  9 12:33:58 2019
Time for epoch 26 is 1849.2069420814514 seconds.
Starting epoch 27 at Fri Aug  9 13:04:47 2019
Time for epoch 27 is 1845.9863758087158 seconds.
Starting epoch 28 at Fri Aug  9 13:35:33 2019
Time for epoch 28 is 1845.4693713188171 seconds.
Starting epoch 29 at Fri Aug  9 14:06:18 2019
Time for epoch 29 is 1864.5567784309387 seconds.
Starting epoch 30 at Fri Aug  9 14:37:23 2019
Time for epoch 30 is 1817.1183750629425 seconds.
Starting epoch 31 at Fri Aug  9 15:07:40 2019
Time for epoch 31 is 1735.1110949516296 seconds.
Starting epoch 32 at Fri Aug  9 15:36:35 2019
Time for epoch 32 is 1728.486801147461 seconds.
Starting epoch 33 at Fri Aug  9 16:05:23 2019
Time for epoch 33 is 1730.390861749649 seconds.
Starting epoch 34 at Fri Aug  9 16:34:14 2019
Time for epoch 34 is 1737.6406507492065 seconds.
Starting epoch 35 at Fri Aug  9 17:03:12 2019
Time for epoch 35 is 1735.8416020870209 seconds.
Starting epoch 36 at Fri Aug  9 17:32:07 2019
Time for epoch 36 is 1750.9326043128967 seconds.
Starting epoch 37 at Fri Aug  9 18:01:18 2019
Time for epoch 37 is 1743.7014801502228 seconds.
Starting epoch 38 at Fri Aug  9 18:30:22 2019
Time for epoch 38 is 1741.9162492752075 seconds.
Starting epoch 39 at Fri Aug  9 18:59:24 2019
Time for epoch 39 is 1729.7090799808502 seconds.
Starting epoch 40 at Fri Aug  9 19:28:14 2019
Time for epoch 40 is 1738.395921945572 seconds.
Starting epoch 41 at Fri Aug  9 19:57:12 2019
Time for epoch 41 is 1748.098088502884 seconds.
Starting epoch 42 at Fri Aug  9 20:26:20 2019
Time for epoch 42 is 1745.8690829277039 seconds.
Starting epoch 43 at Fri Aug  9 20:55:26 2019
Time for epoch 43 is 1748.9035699367523 seconds.
Starting epoch 44 at Fri Aug  9 21:24:35 2019
Time for epoch 44 is 1759.1736569404602 seconds.
Starting epoch 45 at Fri Aug  9 21:53:54 2019
Time for epoch 45 is 1749.2469296455383 seconds.
Starting epoch 46 at Fri Aug  9 22:23:03 2019
Time for epoch 46 is 1751.3709404468536 seconds.
Starting epoch 47 at Fri Aug  9 22:52:15 2019
Time for epoch 47 is 1750.3734247684479 seconds.
Starting epoch 48 at Fri Aug  9 23:21:25 2019
Time for epoch 48 is 1739.9229035377502 seconds.
Starting epoch 49 at Fri Aug  9 23:50:25 2019
Time for epoch 49 is 1747.0224401950836 seconds.
Traceback (most recent call last):
  File "./train.py", line 149, in <module>
    encoder.save(Path.ENCODER_TRAINED.value)
  File "/usr/local/lib/python3.6/dist-packages/tensorflow/python/keras/engine/network.py", line 1213, in save
    saving.save_model(self, filepath, overwrite, include_optimizer, save_format)
  File "/usr/local/lib/python3.6/dist-packages/tensorflow/python/keras/saving/save.py", line 104, in save_model
    model, filepath, overwrite, include_optimizer)
  File "/usr/local/lib/python3.6/dist-packages/tensorflow/python/keras/saving/hdf5_format.py", line 86, in save_model_to_hdf5
    f = h5py.File(filepath, mode='w')
  File "/usr/local/lib/python3.6/dist-packages/h5py/_hl/files.py", line 394, in __init__
    swmr=swmr)
  File "/usr/local/lib/python3.6/dist-packages/h5py/_hl/files.py", line 176, in make_fid
    fid = h5f.create(name, h5f.ACC_TRUNC, fapl=fapl, fcpl=fcpl)
  File "h5py/_objects.pyx", line 54, in h5py._objects.with_phil.wrapper
  File "h5py/_objects.pyx", line 55, in h5py._objects.with_phil.wrapper
  File "h5py/h5f.pyx", line 105, in h5py.h5f.create
OSError: Unable to create file (unable to open file: name = './outputC-2019-08-08-23-20-21-371578/encoder.h5', errno = 2, error message = 'No such file or directory', flags = 13, o_flags = 242)
